2018-09-24 20:41:07.791 [main] DEBUG com.imooc.o2o.dao.AwardDaoTest - Running with Spring Boot v2.0.4.RELEASE, Spring v5.0.8.RELEASE
2018-09-24 20:41:20.952 [main] DEBUG com.imooc.o2o.dao.AwardDao.insertAward - ==>  Preparing: INSERT INTO tb_award(award_name,award_desc,award_img, point,priority,create_time, last_edit_time,enable_status,shop_id) VALUES (?,?,?, ?,?,?, ?,?,?) 
2018-09-24 20:41:21.006 [main] DEBUG com.imooc.o2o.dao.AwardDao.insertAward - ==> Parameters: 测试一(String), null, test1(String), 5(Integer), 1(Integer), 2018-09-24 20:41:20.206(Timestamp), 2018-09-24 20:41:20.206(Timestamp), 1(Integer), 1(Long)
2018-09-24 20:41:21.097 [main] DEBUG com.imooc.o2o.dao.AwardDao.insertAward - <==    Updates: 1
2018-09-24 20:41:21.121 [main] DEBUG com.imooc.o2o.dao.AwardDao.insertAward - ==>  Preparing: INSERT INTO tb_award(award_name,award_desc,award_img, point,priority,create_time, last_edit_time,enable_status,shop_id) VALUES (?,?,?, ?,?,?, ?,?,?) 
2018-09-24 20:41:21.123 [main] DEBUG com.imooc.o2o.dao.AwardDao.insertAward - ==> Parameters: 测试二(String), null, test2(String), 2(Integer), 2(Integer), 2018-09-24 20:41:21.12(Timestamp), 2018-09-24 20:41:21.12(Timestamp), 0(Integer), 1(Long)
2018-09-24 20:41:21.191 [main] DEBUG com.imooc.o2o.dao.AwardDao.insertAward - <==    Updates: 1
2018-09-24 20:43:36.420 [main] DEBUG com.imooc.o2o.dao.UserAwardMapDaoTest - Running with Spring Boot v2.0.4.RELEASE, Spring v5.0.8.RELEASE
2018-09-24 20:43:43.412 [main] DEBUG c.imooc.o2o.dao.UserAwardMapDao.insertUserAwardMap - ==>  Preparing: INSERT INTO tb_user_award_map(user_id,award_id,shop_id,operator_id, create_time,used_status,point) VALUES (?,?,?,?, ?,?,?) 
2018-09-24 20:43:43.486 [main] DEBUG c.imooc.o2o.dao.UserAwardMapDao.insertUserAwardMap - ==> Parameters: 1(Long), 1(Long), 1(Long), 1(Long), 2018-09-24 20:43:42.942(Timestamp), 1(Integer), 1(Integer)
2018-09-24 20:43:43.563 [main] DEBUG c.imooc.o2o.dao.UserAwardMapDao.insertUserAwardMap - <==    Updates: 1
2018-09-24 20:43:43.575 [main] DEBUG c.imooc.o2o.dao.UserAwardMapDao.insertUserAwardMap - ==>  Preparing: INSERT INTO tb_user_award_map(user_id,award_id,shop_id,operator_id, create_time,used_status,point) VALUES (?,?,?,?, ?,?,?) 
2018-09-24 20:43:43.576 [main] DEBUG c.imooc.o2o.dao.UserAwardMapDao.insertUserAwardMap - ==> Parameters: 1(Long), 1(Long), 1(Long), 1(Long), 2018-09-24 20:43:43.575(Timestamp), 0(Integer), 1(Integer)
2018-09-24 20:43:43.629 [main] DEBUG c.imooc.o2o.dao.UserAwardMapDao.insertUserAwardMap - <==    Updates: 1
2018-09-24 20:43:43.711 [main] DEBUG c.i.o2o.dao.UserAwardMapDao.queryUserAwardMapList - ==>  Preparing: SELECT uam.user_award_id, uam.create_time, uam.used_status, uam.point, buyer.user_id, buyer.name, s.shop_id, s.shop_name, a.award_id, a.award_name, uam.operator_id AS operator_id FROM tb_user_award_map uam, tb_person_info buyer, tb_shop s, tb_award a WHERE uam.user_id = buyer.user_id and uam.shop_id = s.shop_id and uam.award_id = a.award_id ORDER BY uam.create_time desc LIMIT ?,?; 
2018-09-24 20:43:43.712 [main] DEBUG c.i.o2o.dao.UserAwardMapDao.queryUserAwardMapList - ==> Parameters: 0(Integer), 3(Integer)
2018-09-24 20:43:43.776 [main] DEBUG c.i.o2o.dao.UserAwardMapDao.queryUserAwardMapList - <==      Total: 2
2018-09-24 20:43:43.797 [main] DEBUG c.i.o2o.dao.UserAwardMapDao.queryUserAwardMapCount - ==>  Preparing: SELECT count(1) FROM tb_user_award_map uam, tb_person_info buyer, tb_shop s, tb_award a WHERE uam.user_id = buyer.user_id and uam.shop_id = s.shop_id and uam.award_id = a.award_id 
2018-09-24 20:43:43.798 [main] DEBUG c.i.o2o.dao.UserAwardMapDao.queryUserAwardMapCount - ==> Parameters: 
2018-09-24 20:43:43.859 [main] DEBUG c.i.o2o.dao.UserAwardMapDao.queryUserAwardMapCount - <==      Total: 1
2018-09-24 20:43:43.867 [main] DEBUG c.i.o2o.dao.UserAwardMapDao.queryUserAwardMapList - ==>  Preparing: SELECT uam.user_award_id, uam.create_time, uam.used_status, uam.point, buyer.user_id, buyer.name, s.shop_id, s.shop_name, a.award_id, a.award_name, uam.operator_id AS operator_id FROM tb_user_award_map uam, tb_person_info buyer, tb_shop s, tb_award a WHERE uam.user_id = buyer.user_id and uam.shop_id = s.shop_id and uam.award_id = a.award_id and buyer.name like '%测试%' ORDER BY uam.create_time desc LIMIT ?,?; 
2018-09-24 20:43:43.868 [main] DEBUG c.i.o2o.dao.UserAwardMapDao.queryUserAwardMapList - ==> Parameters: 0(Integer), 3(Integer)
2018-09-24 20:43:43.873 [main] DEBUG c.i.o2o.dao.UserAwardMapDao.queryUserAwardMapList - <==      Total: 2
2018-09-24 20:43:43.874 [main] DEBUG c.i.o2o.dao.UserAwardMapDao.queryUserAwardMapCount - ==>  Preparing: SELECT count(1) FROM tb_user_award_map uam, tb_person_info buyer, tb_shop s, tb_award a WHERE uam.user_id = buyer.user_id and uam.shop_id = s.shop_id and uam.award_id = a.award_id and buyer.name like '%测试%' 
2018-09-24 20:43:43.875 [main] DEBUG c.i.o2o.dao.UserAwardMapDao.queryUserAwardMapCount - ==> Parameters: 
2018-09-24 20:43:43.876 [main] DEBUG c.i.o2o.dao.UserAwardMapDao.queryUserAwardMapCount - <==      Total: 1
2018-09-24 20:43:43.878 [main] DEBUG c.i.o2o.dao.UserAwardMapDao.queryUserAwardMapById - ==>  Preparing: SELECT uam.user_award_id, uam.create_time, uam.used_status, uam.point, buyer.user_id, buyer.name, s.shop_id, s.shop_name, a.award_id, a.award_name, uam.operator_id AS operator_id FROM tb_user_award_map uam, tb_person_info buyer, tb_shop s, tb_award a WHERE uam.user_id = buyer.user_id and uam.shop_id = s.shop_id and uam.award_id = a.award_id and user_award_id = ? 
2018-09-24 20:43:43.879 [main] DEBUG c.i.o2o.dao.UserAwardMapDao.queryUserAwardMapById - ==> Parameters: 2(Long)
2018-09-24 20:43:43.893 [main] DEBUG c.i.o2o.dao.UserAwardMapDao.queryUserAwardMapById - <==      Total: 1
2018-09-24 20:43:43.913 [main] DEBUG c.i.o2o.dao.UserAwardMapDao.queryUserAwardMapList - ==>  Preparing: SELECT uam.user_award_id, uam.create_time, uam.used_status, uam.point, buyer.user_id, buyer.name, s.shop_id, s.shop_name, a.award_id, a.award_name, uam.operator_id AS operator_id FROM tb_user_award_map uam, tb_person_info buyer, tb_shop s, tb_award a WHERE uam.user_id = buyer.user_id and uam.shop_id = s.shop_id and uam.award_id = a.award_id and buyer.name like '%测试%' ORDER BY uam.create_time desc LIMIT ?,?; 
2018-09-24 20:43:43.913 [main] DEBUG c.i.o2o.dao.UserAwardMapDao.queryUserAwardMapList - ==> Parameters: 0(Integer), 1(Integer)
2018-09-24 20:43:43.916 [main] DEBUG c.i.o2o.dao.UserAwardMapDao.queryUserAwardMapList - <==      Total: 1
2018-09-24 20:43:43.917 [main] DEBUG c.imooc.o2o.dao.UserAwardMapDao.updateUserAwardMap - ==>  Preparing: UPDATE tb_user_award_map SET used_status = ?, operator_id=? WHERE user_award_id = ? AND user_id = ? 
2018-09-24 20:43:43.917 [main] DEBUG c.imooc.o2o.dao.UserAwardMapDao.updateUserAwardMap - ==> Parameters: 1(Integer), 1(Long), 2(Long), 1(Long)
2018-09-24 20:43:44.061 [main] DEBUG c.imooc.o2o.dao.UserAwardMapDao.updateUserAwardMap - <==    Updates: 1
2018-09-24 20:45:00.315 [main] DEBUG com.imooc.o2o.dao.UserAwardMapDaoTest - Running with Spring Boot v2.0.4.RELEASE, Spring v5.0.8.RELEASE
2018-09-24 20:45:18.305 [main] DEBUG c.i.o2o.dao.UserAwardMapDao.queryUserAwardMapList - ==>  Preparing: SELECT uam.user_award_id, uam.create_time, uam.used_status, uam.point, buyer.user_id, buyer.name, s.shop_id, s.shop_name, a.award_id, a.award_name, uam.operator_id AS operator_id FROM tb_user_award_map uam, tb_person_info buyer, tb_shop s, tb_award a WHERE uam.user_id = buyer.user_id and uam.shop_id = s.shop_id and uam.award_id = a.award_id ORDER BY uam.create_time desc LIMIT ?,?; 
2018-09-24 20:45:18.632 [main] DEBUG c.i.o2o.dao.UserAwardMapDao.queryUserAwardMapList - ==> Parameters: 0(Integer), 3(Integer)
2018-09-24 20:45:18.853 [main] DEBUG c.i.o2o.dao.UserAwardMapDao.queryUserAwardMapList - <==      Total: 2
2018-09-24 20:45:29.548 [main] DEBUG c.i.o2o.dao.UserAwardMapDao.queryUserAwardMapCount - ==>  Preparing: SELECT count(1) FROM tb_user_award_map uam, tb_person_info buyer, tb_shop s, tb_award a WHERE uam.user_id = buyer.user_id and uam.shop_id = s.shop_id and uam.award_id = a.award_id 
2018-09-24 20:45:29.549 [main] DEBUG c.i.o2o.dao.UserAwardMapDao.queryUserAwardMapCount - ==> Parameters: 
2018-09-24 20:45:29.556 [main] DEBUG c.i.o2o.dao.UserAwardMapDao.queryUserAwardMapCount - <==      Total: 1
2018-09-24 20:45:41.281 [main] DEBUG c.i.o2o.dao.UserAwardMapDao.queryUserAwardMapList - ==>  Preparing: SELECT uam.user_award_id, uam.create_time, uam.used_status, uam.point, buyer.user_id, buyer.name, s.shop_id, s.shop_name, a.award_id, a.award_name, uam.operator_id AS operator_id FROM tb_user_award_map uam, tb_person_info buyer, tb_shop s, tb_award a WHERE uam.user_id = buyer.user_id and uam.shop_id = s.shop_id and uam.award_id = a.award_id and buyer.name like '%测试%' ORDER BY uam.create_time desc LIMIT ?,?; 
2018-09-24 20:45:41.283 [main] DEBUG c.i.o2o.dao.UserAwardMapDao.queryUserAwardMapList - ==> Parameters: 0(Integer), 3(Integer)
2018-09-24 20:45:41.300 [main] DEBUG c.i.o2o.dao.UserAwardMapDao.queryUserAwardMapList - <==      Total: 2
2018-09-24 20:45:56.343 [main] DEBUG c.i.o2o.dao.UserAwardMapDao.queryUserAwardMapCount - ==>  Preparing: SELECT count(1) FROM tb_user_award_map uam, tb_person_info buyer, tb_shop s, tb_award a WHERE uam.user_id = buyer.user_id and uam.shop_id = s.shop_id and uam.award_id = a.award_id and buyer.name like '%测试%' 
2018-09-24 20:45:56.344 [main] DEBUG c.i.o2o.dao.UserAwardMapDao.queryUserAwardMapCount - ==> Parameters: 
2018-09-24 20:45:56.346 [main] DEBUG c.i.o2o.dao.UserAwardMapDao.queryUserAwardMapCount - <==      Total: 1
2018-09-24 20:46:08.243 [main] DEBUG c.i.o2o.dao.UserAwardMapDao.queryUserAwardMapById - ==>  Preparing: SELECT uam.user_award_id, uam.create_time, uam.used_status, uam.point, buyer.user_id, buyer.name, s.shop_id, s.shop_name, a.award_id, a.award_name, uam.operator_id AS operator_id FROM tb_user_award_map uam, tb_person_info buyer, tb_shop s, tb_award a WHERE uam.user_id = buyer.user_id and uam.shop_id = s.shop_id and uam.award_id = a.award_id and user_award_id = ? 
2018-09-24 20:46:08.244 [main] DEBUG c.i.o2o.dao.UserAwardMapDao.queryUserAwardMapById - ==> Parameters: 2(Long)
2018-09-24 20:46:08.254 [main] DEBUG c.i.o2o.dao.UserAwardMapDao.queryUserAwardMapById - <==      Total: 1
2018-09-24 20:47:40.584 [main] DEBUG com.imooc.o2o.dao.UserAwardMapDaoTest - Running with Spring Boot v2.0.4.RELEASE, Spring v5.0.8.RELEASE
2018-09-24 20:47:47.756 [main] DEBUG c.i.o2o.dao.UserAwardMapDao.queryUserAwardMapList - ==>  Preparing: SELECT uam.user_award_id, uam.create_time, uam.used_status, uam.point, buyer.user_id, buyer.name, s.shop_id, s.shop_name, a.award_id, a.award_name, uam.operator_id AS operator_id FROM tb_user_award_map uam, tb_person_info buyer, tb_shop s, tb_award a WHERE uam.user_id = buyer.user_id and uam.shop_id = s.shop_id and uam.award_id = a.award_id ORDER BY uam.create_time desc LIMIT ?,?; 
2018-09-24 20:47:47.807 [main] DEBUG c.i.o2o.dao.UserAwardMapDao.queryUserAwardMapList - ==> Parameters: 0(Integer), 3(Integer)
2018-09-24 20:47:47.838 [main] DEBUG c.i.o2o.dao.UserAwardMapDao.queryUserAwardMapList - <==      Total: 2
2018-09-24 20:47:47.848 [main] DEBUG c.i.o2o.dao.UserAwardMapDao.queryUserAwardMapCount - ==>  Preparing: SELECT count(1) FROM tb_user_award_map uam, tb_person_info buyer, tb_shop s, tb_award a WHERE uam.user_id = buyer.user_id and uam.shop_id = s.shop_id and uam.award_id = a.award_id 
2018-09-24 20:47:47.848 [main] DEBUG c.i.o2o.dao.UserAwardMapDao.queryUserAwardMapCount - ==> Parameters: 
2018-09-24 20:47:47.851 [main] DEBUG c.i.o2o.dao.UserAwardMapDao.queryUserAwardMapCount - <==      Total: 1
2018-09-24 20:47:47.859 [main] DEBUG c.i.o2o.dao.UserAwardMapDao.queryUserAwardMapList - ==>  Preparing: SELECT uam.user_award_id, uam.create_time, uam.used_status, uam.point, buyer.user_id, buyer.name, s.shop_id, s.shop_name, a.award_id, a.award_name, uam.operator_id AS operator_id FROM tb_user_award_map uam, tb_person_info buyer, tb_shop s, tb_award a WHERE uam.user_id = buyer.user_id and uam.shop_id = s.shop_id and uam.award_id = a.award_id and buyer.name like '%测试%' ORDER BY uam.create_time desc LIMIT ?,?; 
2018-09-24 20:47:47.860 [main] DEBUG c.i.o2o.dao.UserAwardMapDao.queryUserAwardMapList - ==> Parameters: 0(Integer), 3(Integer)
2018-09-24 20:47:47.865 [main] DEBUG c.i.o2o.dao.UserAwardMapDao.queryUserAwardMapList - <==      Total: 2
2018-09-24 20:47:47.870 [main] DEBUG c.i.o2o.dao.UserAwardMapDao.queryUserAwardMapCount - ==>  Preparing: SELECT count(1) FROM tb_user_award_map uam, tb_person_info buyer, tb_shop s, tb_award a WHERE uam.user_id = buyer.user_id and uam.shop_id = s.shop_id and uam.award_id = a.award_id and buyer.name like '%测试%' 
2018-09-24 20:47:47.871 [main] DEBUG c.i.o2o.dao.UserAwardMapDao.queryUserAwardMapCount - ==> Parameters: 
2018-09-24 20:47:47.884 [main] DEBUG c.i.o2o.dao.UserAwardMapDao.queryUserAwardMapCount - <==      Total: 1
2018-09-24 20:47:47.888 [main] DEBUG c.i.o2o.dao.UserAwardMapDao.queryUserAwardMapById - ==>  Preparing: SELECT uam.user_award_id, uam.create_time, uam.used_status, uam.point, buyer.user_id, buyer.name, s.shop_id, s.shop_name, a.award_id, a.award_name, uam.operator_id AS operator_id FROM tb_user_award_map uam, tb_person_info buyer, tb_shop s, tb_award a WHERE uam.user_id = buyer.user_id and uam.shop_id = s.shop_id and uam.award_id = a.award_id and user_award_id = ? 
2018-09-24 20:47:47.889 [main] DEBUG c.i.o2o.dao.UserAwardMapDao.queryUserAwardMapById - ==> Parameters: 2(Long)
2018-09-24 20:47:47.894 [main] DEBUG c.i.o2o.dao.UserAwardMapDao.queryUserAwardMapById - <==      Total: 1
