2018-12-17 22:03:24.318 [restartedMain] INFO  com.imooc.o2o.O2oApplication - Starting O2oApplication on JHGHGBMQFLDSVHU with PID 6468 (D:\Users\Administrator\IdeaProjects\o2o\target\classes started by Administrator in D:\Users\Administrator\IdeaProjects\o2o)
2018-12-17 22:03:24.389 [restartedMain] INFO  com.imooc.o2o.O2oApplication - No active profile set, falling back to default profiles: default
2018-12-17 22:03:45.928 [restartedMain] INFO  com.imooc.o2o.O2oApplication - Started O2oApplication in 23.082 seconds (JVM running for 27.588)
2018-12-17 22:05:08.573 [restartedMain] INFO  com.imooc.o2o.O2oApplication - Starting O2oApplication on JHGHGBMQFLDSVHU with PID 8108 (D:\Users\Administrator\IdeaProjects\o2o\target\classes started by Administrator in D:\Users\Administrator\IdeaProjects\o2o)
2018-12-17 22:05:08.579 [restartedMain] INFO  com.imooc.o2o.O2oApplication - No active profile set, falling back to default profiles: default
2018-12-17 22:05:13.321 [restartedMain] INFO  com.imooc.o2o.O2oApplication - Started O2oApplication in 5.617 seconds (JVM running for 7.513)
2018-12-17 22:06:20.547 [http-nio-80-exec-8] INFO  com.imooc.o2o.util.ShortNetAddressUtil - response string: {"status":-1,"longurl":"nullnullnull%7BaaaproductIdaaa%3A7%2CaaacustomerIdaaa%3A1%2CaaacreateTimeaaa%3A1545055580225%7Dnull","err_msg":"parse nullnullnull%7BaaaproductIdaaa%3A7%2CaaacustomerIdaaa%3A1%2CaaacreateTimeaaa%3A1545055580225%7Dnull: invalid URI for request"}
2018-12-17 22:07:34.904 [restartedMain] INFO  com.imooc.o2o.O2oApplication - Starting O2oApplication on JHGHGBMQFLDSVHU with PID 7720 (D:\Users\Administrator\IdeaProjects\o2o\target\classes started by Administrator in D:\Users\Administrator\IdeaProjects\o2o)
2018-12-17 22:07:34.912 [restartedMain] INFO  com.imooc.o2o.O2oApplication - No active profile set, falling back to default profiles: default
2018-12-17 22:07:40.685 [restartedMain] INFO  com.imooc.o2o.O2oApplication - Started O2oApplication in 6.174 seconds (JVM running for 9.173)
2018-12-17 22:10:19.338 [http-nio-80-exec-3] INFO  com.imooc.o2o.util.ShortNetAddressUtil - response string: {"status":-1,"longurl":"nullnullnull%7BaaaproductIdaaa%3A7%2CaaacustomerIdaaa%3A1%2CaaacreateTimeaaa%3A1545055754872%7Dnull","err_msg":"parse nullnullnull%7BaaaproductIdaaa%3A7%2CaaacustomerIdaaa%3A1%2CaaacreateTimeaaa%3A1545055754872%7Dnull: invalid URI for request"}
2018-12-17 22:13:45.722 [restartedMain] INFO  com.imooc.o2o.O2oApplication - Starting O2oApplication on JHGHGBMQFLDSVHU with PID 7616 (D:\Users\Administrator\IdeaProjects\o2o\target\classes started by Administrator in D:\Users\Administrator\IdeaProjects\o2o)
2018-12-17 22:13:45.729 [restartedMain] INFO  com.imooc.o2o.O2oApplication - No active profile set, falling back to default profiles: default
2018-12-17 22:13:51.541 [restartedMain] INFO  com.imooc.o2o.O2oApplication - Started O2oApplication in 6.654 seconds (JVM running for 8.857)
2018-12-17 22:14:20.308 [http-nio-80-exec-9] INFO  com.imooc.o2o.util.ShortNetAddressUtil - response string: {"status":0,"tinyurl":"https://dwz.cn/pqSWHkpx","longurl":"https://open.weixin.qq.com/connect/oauth2/authorize?appid=wxf3d60ffc3b690add\u0026redirect_uri=http://www.chentao.fun/o2o/shopadmin/adduserproductmap\u0026response_type=code\u0026scope=snsapi_userinfo\u0026state=%7BaaaproductIdaaa%3A7%2CaaacustomerIdaaa%3A1%2CaaacreateTimeaaa%3A1545056050236%7D#wechat_redirect","err_msg":""}
2018-12-17 22:14:20.333 [http-nio-80-exec-9] INFO  com.imooc.o2o.util.ShortNetAddressUtil - tinyurl: https://dwz.cn/pqSWHkpx
2018-12-17 22:50:54.686 [restartedMain] INFO  com.imooc.o2o.O2oApplication - Starting O2oApplication on JHGHGBMQFLDSVHU with PID 5648 (D:\Users\Administrator\IdeaProjects\o2o\target\classes started by Administrator in D:\Users\Administrator\IdeaProjects\o2o)
2018-12-17 22:50:54.692 [restartedMain] INFO  com.imooc.o2o.O2oApplication - No active profile set, falling back to default profiles: default
2018-12-17 22:50:59.674 [restartedMain] INFO  com.imooc.o2o.O2oApplication - Started O2oApplication in 5.808 seconds (JVM running for 7.504)
2018-12-17 23:36:14.148 [restartedMain] INFO  com.imooc.o2o.O2oApplication - Starting O2oApplication on JHGHGBMQFLDSVHU with PID 8012 (D:\Users\Administrator\IdeaProjects\o2o\target\classes started by Administrator in D:\Users\Administrator\IdeaProjects\o2o)
2018-12-17 23:36:14.155 [restartedMain] INFO  com.imooc.o2o.O2oApplication - No active profile set, falling back to default profiles: default
2018-12-17 23:36:19.849 [restartedMain] INFO  com.imooc.o2o.O2oApplication - Started O2oApplication in 6.394 seconds (JVM running for 8.675)
2018-12-17 23:37:49.239 [http-nio-80-exec-7] INFO  com.imooc.o2o.util.ShortNetAddressUtil - response string: {"status":0,"tinyurl":"https://dwz.cn/wsGrDpnt","longurl":"https://open.weixin.qq.com/connect/oauth2/authorize?appid=wxf3d60ffc3b690add\u0026redirect_uri=http://www.chentao.fun/o2o/shopadmin/adduserproductmap\u0026response_type=code\u0026scope=snsapi_userinfo\u0026state=%7BaaaproductIdaaa%3A7%2CaaacustomerIdaaa%3A1%2CaaacreateTimeaaa%3A1545061068912%7D#wechat_redirect","err_msg":""}
2018-12-17 23:37:49.287 [http-nio-80-exec-7] INFO  com.imooc.o2o.util.ShortNetAddressUtil - tinyurl: https://dwz.cn/wsGrDpnt
